#
# There is insufficient memory for the Java Runtime Environment to continue.
# Native memory allocation (mmap) failed to map 201326592 bytes for G1 virtual space
# Possible reasons:
#   The system is out of physical RAM or swap space
#   The process is running with CompressedOops enabled, and the Java Heap may be blocking the growth of the native heap
# Possible solutions:
#   Reduce memory load on the system
#   Increase physical memory or swap space
#   Check if swap backing store is full
#   Decrease Java heap size (-Xmx/-Xms)
#   Decrease number of Java threads
#   Decrease Java thread stack sizes (-Xss)
#   Set larger code cache with -XX:ReservedCodeCacheSize=
#   JVM is running with Zero Based Compressed Oops mode in which the Java heap is
#     placed in the first 32GB address space. The Java Heap base address is the
#     maximum limit for the native heap growth. Please use -XX:HeapBaseMinAddress
#     to set the Java Heap base and to place the Java Heap above 32GB virtual address.
# This output file may be truncated or incomplete.
#
#  Out of Memory Error (os_windows.cpp:3769), pid=8420, tid=7364
#
# JRE version:  (17.0.6) (build )
# Java VM: OpenJDK 64-Bit Server VM (17.0.6+0-b2043.56-10027231, mixed mode, sharing, tiered, compressed oops, compressed class ptrs, g1 gc, windows-amd64)
# No core dump will be written. Minidumps are not enabled by default on client versions of Windows
#

---------------  S U M M A R Y ------------

Command Line: org.jetbrains.kotlin.cli.jvm.K2JVMCompiler @C:\Users\admin\Desktop\testGeneratorPhoto\app\build\20231113_11589864691806184767.compiler.options

Host: Intel(R) Core(TM) i7-2630QM CPU @ 2.00GHz, 8 cores, 11G,  Windows 10 , 64 bit Build 17763 (10.0.17763.4974)
Time: Mon Nov 13 17:49:51 2023 RTZ 2 (зима) elapsed time: 0.035888 seconds (0d 0h 0m 0s)

---------------  T H R E A D  ---------------

Current thread (0x00000173ff47c5b0):  JavaThread "Unknown thread" [_thread_in_vm, id=7364, stack(0x0000000d15100000,0x0000000d15200000)]

Stack: [0x0000000d15100000,0x0000000d15200000]
Native frames: (J=compiled Java code, j=interpreted, Vv=VM code, C=native code)
V  [jvm.dll+0x683c9a]
V  [jvm.dll+0x8427a4]
V  [jvm.dll+0x843f9e]
V  [jvm.dll+0x844603]
V  [jvm.dll+0x249b75]
V  [jvm.dll+0x680b69]
V  [jvm.dll+0x67505a]
V  [jvm.dll+0x309acb]
V  [jvm.dll+0x310f86]
V  [jvm.dll+0x3608ee]
V  [jvm.dll+0x360b1f]
V  [jvm.dll+0x2dfbf8]
V  [jvm.dll+0x2e0b64]
V  [jvm.dll+0x814091]
V  [jvm.dll+0x36e6a1]
V  [jvm.dll+0x7f35cc]
V  [jvm.dll+0x3f0e8f]
V  [jvm.dll+0x3f29d1]
C  [jli.dll+0x526b]
C  [ucrtbase.dll+0x2268a]
C  [KERNEL32.DLL+0x17ac4]
C  [ntdll.dll+0x5a4e1]


---------------  P R O C E S S  ---------------

Threads class SMR info:
_java_thread_list=0x00007ffc04d0c058, length=0, elements={
}

Java Threads: ( => current thread )

Other Threads:
  0x00000173ff4d5c80 GCTaskThread "GC Thread#0" [stack: 0x0000000d15200000,0x0000000d15300000] [id=6056]
  0x00000173ff4e3b10 ConcurrentGCThread "G1 Main Marker" [stack: 0x0000000d15300000,0x0000000d15400000] [id=8184]
  0x00000173ff4e4520 ConcurrentGCThread "G1 Conc#0" [stack: 0x0000000d15400000,0x0000000d15500000] [id=2828]

[error occurred during error reporting (printing all threads), id 0xc0000005, EXCEPTION_ACCESS_VIOLATION (0xc0000005) at pc=0x00007ffc044c0797]

VM state: not at safepoint (not fully initialized)

VM Mutex/Monitor currently owned by a thread:  ([mutex/lock_event])
[0x00000173ff4787f0] Heap_lock - owner thread: 0x00000173ff47c5b0

Heap address: 0x0000000740c00000, size: 3060 MB, Compressed Oops mode: Zero based, Oop shift amount: 3

CDS archive(s) mapped at: [0x0000000000000000-0x0000000000000000-0x0000000000000000), size 0, SharedBaseAddress: 0x0000000800000000, ArchiveRelocationMode: 0.
Narrow klass base: 0x0000000000000000, Narrow klass shift: 0, Narrow klass range: 0x0

GC Precious Log:
<Empty>

Heap:
 garbage-first heap   total 0K, used 0K [0x0000000740c00000, 0x0000000800000000)
  region size 2048K, 0 young (0K), 0 survivors (0K)

[error occurred during error reporting (printing heap information), id 0xc0000005, EXCEPTION_ACCESS_VIOLATION (0xc0000005) at pc=0x00007ffc048ada89]

GC Heap History (0 events):
No events

Dll operation events (1 events):
Event: 0.005 Loaded shared library C:\Program Files\Android\Android Studio\jbr\bin\java.dll

Deoptimization events (0 events):
No events

Classes unloaded (0 events):
No events

Classes redefined (0 events):
No events

Internal exceptions (0 events):
No events

VM Operations (0 events):
No events

Events (0 events):
No events


Dynamic libraries:
0x00007ff6965e0000 - 0x00007ff6965ea000 	C:\Program Files\Android\Android Studio\jbr\bin\java.exe
0x00007ffc2abc0000 - 0x00007ffc2adae000 	C:\Windows\SYSTEM32\ntdll.dll
0x00007ffc28610000 - 0x00007ffc286c3000 	C:\Windows\System32\KERNEL32.DLL
0x00007ffc27850000 - 0x00007ffc27aed000 	C:\Windows\System32\KERNELBASE.dll
0x00007ffc27af0000 - 0x00007ffc27bea000 	C:\Windows\System32\ucrtbase.dll
0x00007ffc21810000 - 0x00007ffc21827000 	C:\Program Files\Android\Android Studio\jbr\bin\jli.dll
0x00007ffc203d0000 - 0x00007ffc203eb000 	C:\Program Files\Android\Android Studio\jbr\bin\VCRUNTIME140.dll
0x00007ffc28150000 - 0x00007ffc282e7000 	C:\Windows\System32\USER32.dll
0x00007ffc26d70000 - 0x00007ffc26d90000 	C:\Windows\System32\win32u.dll
0x00007ffc18f40000 - 0x00007ffc191b9000 	C:\Windows\WinSxS\amd64_microsoft.windows.common-controls_6595b64144ccf1df_6.0.17763.4974_none_de748dce53484fa6\COMCTL32.dll
0x00007ffc2aa80000 - 0x00007ffc2aaa9000 	C:\Windows\System32\GDI32.dll
0x00007ffc282f0000 - 0x00007ffc2838e000 	C:\Windows\System32\msvcrt.dll
0x00007ffc26e60000 - 0x00007ffc2700b000 	C:\Windows\System32\gdi32full.dll
0x00007ffc26dc0000 - 0x00007ffc26e60000 	C:\Windows\System32\msvcp_win.dll
0x00007ffc290e0000 - 0x00007ffc2940b000 	C:\Windows\System32\combase.dll
0x00007ffc28030000 - 0x00007ffc2814e000 	C:\Windows\System32\RPCRT4.dll
0x00007ffc27010000 - 0x00007ffc27092000 	C:\Windows\System32\bcryptPrimitives.dll
0x00007ffc28420000 - 0x00007ffc2844e000 	C:\Windows\System32\IMM32.DLL
0x00007ffc21190000 - 0x00007ffc2119c000 	C:\Program Files\Android\Android Studio\jbr\bin\vcruntime140_1.dll
0x00007ffc12890000 - 0x00007ffc1291d000 	C:\Program Files\Android\Android Studio\jbr\bin\msvcp140.dll
0x00007ffc041d0000 - 0x00007ffc04e3e000 	C:\Program Files\Android\Android Studio\jbr\bin\server\jvm.dll
0x00007ffc28f80000 - 0x00007ffc29027000 	C:\Windows\System32\ADVAPI32.dll
0x00007ffc27f90000 - 0x00007ffc2802f000 	C:\Windows\System32\sechost.dll
0x00007ffc19d90000 - 0x00007ffc19db4000 	C:\Windows\SYSTEM32\WINMM.dll
0x00007ffc23880000 - 0x00007ffc23889000 	C:\Windows\SYSTEM32\WSOCK32.dll
0x00007ffc1a6a0000 - 0x00007ffc1a6aa000 	C:\Windows\SYSTEM32\VERSION.dll
0x00007ffc28390000 - 0x00007ffc283fd000 	C:\Windows\System32\WS2_32.dll
0x00007ffc194c0000 - 0x00007ffc194ed000 	C:\Windows\SYSTEM32\WINMMBASE.dll
0x00007ffc26c70000 - 0x00007ffc26cba000 	C:\Windows\System32\cfgmgr32.dll
0x00007ffc26ba0000 - 0x00007ffc26bb1000 	C:\Windows\System32\kernel.appcore.dll
0x00007ffc238e0000 - 0x00007ffc238ea000 	C:\Program Files\Android\Android Studio\jbr\bin\jimage.dll
0x00007ffc1b090000 - 0x00007ffc1b27d000 	C:\Windows\SYSTEM32\DBGHELP.DLL
0x00007ffc18ea0000 - 0x00007ffc18eca000 	C:\Windows\SYSTEM32\dbgcore.DLL
0x00007ffc23520000 - 0x00007ffc23545000 	C:\Program Files\Android\Android Studio\jbr\bin\java.dll

dbghelp: loaded successfully - version: 4.0.5 - missing functions: none
symbol engine: initialized successfully - sym options: 0x614 - pdb path: .;C:\Program Files\Android\Android Studio\jbr\bin;C:\Windows\SYSTEM32;C:\Windows\WinSxS\amd64_microsoft.windows.common-controls_6595b64144ccf1df_6.0.17763.4974_none_de748dce53484fa6;C:\Program Files\Android\Android Studio\jbr\bin\server

VM Arguments:
java_command: org.jetbrains.kotlin.cli.jvm.K2JVMCompiler @C:\Users\admin\Desktop\testGeneratorPhoto\app\build\20231113_11589864691806184767.compiler.options
java_class_path (initial): C:\Users\admin\.gradle\caches\modules-2\files-2.1\org.jetbrains.kotlin\kotlin-compiler-embeddable\1.9.20-RC\82c6ef353c89980e51aaf02d7dbdbb86e9fadfa4\kotlin-compiler-embeddable-1.9.20-RC.jar;C:\Users\admin\.gradle\caches\modules-2\files-2.1\org.jetbrains.kotlin\kotlin-stdlib\1.9.20-RC\f3abfc5244b1097dec0f64b371f184e3124b2779\kotlin-stdlib-1.9.20-RC.jar;C:\Users\admin\.gradle\caches\modules-2\files-2.1\org.jetbrains.kotlin\kotlin-script-runtime\1.9.20-RC\8ed9aa9b4cc699cc0f12505429acda4e41b8acfa\kotlin-script-runtime-1.9.20-RC.jar;C:\Users\admin\.gradle\caches\modules-2\files-2.1\org.jetbrains.kotlin\kotlin-reflect\1.6.10\1cbe9c92c12a94eea200d23c2bbaedaf3daf5132\kotlin-reflect-1.6.10.jar;C:\Users\admin\.gradle\caches\modules-2\files-2.1\org.jetbrains.kotlin\kotlin-daemon-embeddable\1.9.20-RC\9a6544daf9d863238927a6da26c66547c60b9d51\kotlin-daemon-embeddable-1.9.20-RC.jar;C:\Users\admin\.gradle\caches\modules-2\files-2.1\org.jetbrains.intellij.deps\trove4j\1.0.20200330\3afb14d5f9ceb459d724e907a21145e8ff394f02\trove4j-1.0.20200330.jar;C:\Users\admin\.gradle\caches\modules-2\files-2.1\org.jetbrains\annotations\13.0\919f0dfe192fb4e063e7dacadee7f8bb9a2672a9\annotations-13.0.jar
Launcher Type: SUN_STANDARD

[Global flags]
     intx CICompilerCount                          = 4                                         {product} {ergonomic}
     uint ConcGCThreads                            = 2                                         {product} {ergonomic}
     uint G1ConcRefinementThreads                  = 8                                         {product} {ergonomic}
   size_t G1HeapRegionSize                         = 2097152                                   {product} {ergonomic}
    uintx GCDrainStackTargetSize                   = 64                                        {product} {ergonomic}
   size_t InitialHeapSize                          = 201326592                                 {product} {ergonomic}
   size_t MarkStackSize                            = 4194304                                   {product} {ergonomic}
   size_t MaxHeapSize                              = 3208642560                                {product} {ergonomic}
   size_t MinHeapDeltaBytes                        = 2097152                                   {product} {ergonomic}
   size_t MinHeapSize                              = 8388608                                   {product} {ergonomic}
    uintx NonNMethodCodeHeapSize                   = 5839372                                {pd product} {ergonomic}
    uintx NonProfiledCodeHeapSize                  = 122909434                              {pd product} {ergonomic}
    uintx ProfiledCodeHeapSize                     = 122909434                              {pd product} {ergonomic}
    uintx ReservedCodeCacheSize                    = 251658240                              {pd product} {ergonomic}
     bool SegmentedCodeCache                       = true                                      {product} {ergonomic}
   size_t SoftMaxHeapSize                          = 3208642560                             {manageable} {ergonomic}
     bool UseCompressedClassPointers               = true                           {product lp64_product} {ergonomic}
     bool UseCompressedOops                        = true                           {product lp64_product} {ergonomic}
     bool UseG1GC                                  = true                                      {product} {ergonomic}
     bool UseLargePagesIndividualAllocation        = false                                  {pd product} {ergonomic}

Logging:
Log output configuration:
 #0: stdout all=warning uptime,level,tags
 #1: stderr all=off uptime,level,tags

Environment Variables:
PATH=C:\Windows\system32;C:\Windows;C:\Windows\System32\Wbem;C:\Windows\System32\WindowsPowerShell\v1.0\;C:\Program Files\Cloudflare\Cloudflare WARP\;C:\Program Files\Git\cmd;C:\Users\admin\AppData\Local\Microsoft\WindowsApps;C:\Users\admin\Desktop\Новая папка\PyCharm Community Edition 2022.2.3\bin;C:\Users\admin\AppData\Local\atom\bin;C:\Новая папка\Microsoft VS Code\bin
USERNAME=admin
OS=Windows_NT
PROCESSOR_IDENTIFIER=Intel64 Family 6 Model 42 Stepping 7, GenuineIntel
TMP=C:\Temp
TEMP=C:\Temp


JNI global refs:

[error occurred during error reporting (JNI global references), id 0xc0000005, EXCEPTION_ACCESS_VIOLATION (0xc0000005) at pc=0x00007ffc04287a10]


---------------  S Y S T E M  ---------------

OS:
 Windows 10 , 64 bit Build 17763 (10.0.17763.4974)
OS uptime: 1 days 1:34 hours

CPU: total 8 (initial active 8) (4 cores per cpu, 2 threads per core) family 6 model 42 stepping 7 microcode 0x2f, cx8, cmov, fxsr, ht, mmx, sse, sse2, sse3, ssse3, sse4.1, sse4.2, popcnt, tsc, tscinvbit, avx, aes, clmul, vzeroupper, clflush

Memory: 4k page, system-wide physical 12235M (443M free)
TotalPageFile size 13892M (AvailPageFile size 72M)
current process WorkingSet (physical memory assigned to process): 10M, peak: 10M
current process commit charge ("private bytes"): 60M, peak: 252M

vm_info: OpenJDK 64-Bit Server VM (17.0.6+0-b2043.56-10027231) for windows-amd64 JRE (17.0.6+0-b2043.56-10027231), built on Apr 28 2023 00:43:19 by "androidbuild" with MS VC++ 16.10 / 16.11 (VS2019)

END.
