#
# There is insufficient memory for the Java Runtime Environment to continue.
# Native memory allocation (mmap) failed to map 201326592 bytes for G1 virtual space
# Possible reasons:
#   The system is out of physical RAM or swap space
#   The process is running with CompressedOops enabled, and the Java Heap may be blocking the growth of the native heap
# Possible solutions:
#   Reduce memory load on the system
#   Increase physical memory or swap space
#   Check if swap backing store is full
#   Decrease Java heap size (-Xmx/-Xms)
#   Decrease number of Java threads
#   Decrease Java thread stack sizes (-Xss)
#   Set larger code cache with -XX:ReservedCodeCacheSize=
#   JVM is running with Zero Based Compressed Oops mode in which the Java heap is
#     placed in the first 32GB address space. The Java Heap base address is the
#     maximum limit for the native heap growth. Please use -XX:HeapBaseMinAddress
#     to set the Java Heap base and to place the Java Heap above 32GB virtual address.
# This output file may be truncated or incomplete.
#
#  Out of Memory Error (os_windows.cpp:3769), pid=8212, tid=6888
#
# JRE version:  (17.0.6) (build )
# Java VM: OpenJDK 64-Bit Server VM (17.0.6+0-b2043.56-10027231, mixed mode, sharing, tiered, compressed oops, compressed class ptrs, g1 gc, windows-amd64)
# No core dump will be written. Minidumps are not enabled by default on client versions of Windows
#

---------------  S U M M A R Y ------------

Command Line: git4idea.http.GitAskPassApp Username for 'https://github.com': 

Host: Intel(R) Core(TM) i7-2630QM CPU @ 2.00GHz, 8 cores, 11G,  Windows 10 , 64 bit Build 19041 (10.0.19041.3031)
Time: Fri Nov 24 19:58:25 2023  Windows 10 , 64 bit Build 19041 (10.0.19041.3031) elapsed time: 0.041329 seconds (0d 0h 0m 0s)

---------------  T H R E A D  ---------------

Current thread (0x000001ae5c2da240):  JavaThread "Unknown thread" [_thread_in_vm, id=6888, stack(0x000000a399000000,0x000000a399100000)]

Stack: [0x000000a399000000,0x000000a399100000]
Native frames: (J=compiled Java code, j=interpreted, Vv=VM code, C=native code)
V  [jvm.dll+0x683c9a]
V  [jvm.dll+0x8427a4]
V  [jvm.dll+0x843f9e]
V  [jvm.dll+0x844603]
V  [jvm.dll+0x249b75]
V  [jvm.dll+0x680b69]
V  [jvm.dll+0x67505a]
V  [jvm.dll+0x309acb]
V  [jvm.dll+0x310f86]
V  [jvm.dll+0x3608ee]
V  [jvm.dll+0x360b1f]
V  [jvm.dll+0x2dfbf8]
V  [jvm.dll+0x2e0b64]
V  [jvm.dll+0x814091]
V  [jvm.dll+0x36e6a1]
V  [jvm.dll+0x7f35cc]
V  [jvm.dll+0x3f0e8f]
V  [jvm.dll+0x3f29d1]
C  [jli.dll+0x526b]
C  [ucrtbase.dll+0x21bb2]
C  [KERNEL32.DLL+0x17614]
C  [ntdll.dll+0x526f1]


---------------  P R O C E S S  ---------------

Threads class SMR info:
_java_thread_list=0x00007ffa6443c058, length=0, elements={
}

Java Threads: ( => current thread )

Other Threads:
  0x000001ae5c334dd0 GCTaskThread "GC Thread#0" [stack: 0x000000a399100000,0x000000a399200000] [id=5220]
  0x000001ae5c341c50 ConcurrentGCThread "G1 Main Marker" [stack: 0x000000a399200000,0x000000a399300000] [id=15280]
  0x000001ae5c342660 ConcurrentGCThread "G1 Conc#0" [stack: 0x000000a399300000,0x000000a399400000] [id=14688]

[error occurred during error reporting (printing all threads), id 0xc0000005, EXCEPTION_ACCESS_VIOLATION (0xc0000005) at pc=0x00007ffa63bf0797]

VM state: not at safepoint (not fully initialized)

VM Mutex/Monitor currently owned by a thread:  ([mutex/lock_event])
[0x000001ae5c2d52c0] Heap_lock - owner thread: 0x000001ae5c2da240

Heap address: 0x0000000740c00000, size: 3060 MB, Compressed Oops mode: Zero based, Oop shift amount: 3

CDS archive(s) mapped at: [0x0000000000000000-0x0000000000000000-0x0000000000000000), size 0, SharedBaseAddress: 0x0000000800000000, ArchiveRelocationMode: 0.
Narrow klass base: 0x0000000000000000, Narrow klass shift: 0, Narrow klass range: 0x0

GC Precious Log:
<Empty>

Heap:
 garbage-first heap   total 0K, used 0K [0x0000000740c00000, 0x0000000800000000)
  region size 2048K, 0 young (0K), 0 survivors (0K)

[error occurred during error reporting (printing heap information), id 0xc0000005, EXCEPTION_ACCESS_VIOLATION (0xc0000005) at pc=0x00007ffa63fdda89]

GC Heap History (0 events):
No events

Dll operation events (1 events):
Event: 0.019 Loaded shared library C:\Program Files\Android\Android Studio\jbr\bin\java.dll

Deoptimization events (0 events):
No events

Classes unloaded (0 events):
No events

Classes redefined (0 events):
No events

Internal exceptions (0 events):
No events

VM Operations (0 events):
No events

Events (0 events):
No events


Dynamic libraries:
0x00007ff651110000 - 0x00007ff65111a000 	C:\Program Files\Android\Android Studio\jbr\bin\java.exe
0x00007ffac1790000 - 0x00007ffac1988000 	C:\windows\SYSTEM32\ntdll.dll
0x00007ffabfde0000 - 0x00007ffabfe9f000 	C:\windows\System32\KERNEL32.DLL
0x00007ffabf0f0000 - 0x00007ffabf3e6000 	C:\windows\System32\KERNELBASE.dll
0x00007ffabf540000 - 0x00007ffabf640000 	C:\windows\System32\ucrtbase.dll
0x00007ffaba750000 - 0x00007ffaba767000 	C:\Program Files\Android\Android Studio\jbr\bin\jli.dll
0x00007ffabf8c0000 - 0x00007ffabfa5d000 	C:\windows\System32\USER32.dll
0x00007ffabf700000 - 0x00007ffabf722000 	C:\windows\System32\win32u.dll
0x00007ffac0c10000 - 0x00007ffac0c3c000 	C:\windows\System32\GDI32.dll
0x00007ffabefd0000 - 0x00007ffabf0e5000 	C:\windows\System32\gdi32full.dll
0x00007ffabf4a0000 - 0x00007ffabf53d000 	C:\windows\System32\msvcp_win.dll
0x00007ffab0de0000 - 0x00007ffab0dfb000 	C:\Program Files\Android\Android Studio\jbr\bin\VCRUNTIME140.dll
0x00007ffaaf4f0000 - 0x00007ffaaf78a000 	C:\windows\WinSxS\amd64_microsoft.windows.common-controls_6595b64144ccf1df_6.0.19041.1110_none_60b5254171f9507e\COMCTL32.dll
0x00007ffabff60000 - 0x00007ffabfffe000 	C:\windows\System32\msvcrt.dll
0x00007ffac0000000 - 0x00007ffac0030000 	C:\windows\System32\IMM32.DLL
0x00007ffabc610000 - 0x00007ffabc61c000 	C:\Program Files\Android\Android Studio\jbr\bin\vcruntime140_1.dll
0x00007ffab4dd0000 - 0x00007ffab4e5d000 	C:\Program Files\Android\Android Studio\jbr\bin\msvcp140.dll
0x00007ffa63900000 - 0x00007ffa6456e000 	C:\Program Files\Android\Android Studio\jbr\bin\server\jvm.dll
0x00007ffac01f0000 - 0x00007ffac029f000 	C:\windows\System32\ADVAPI32.dll
0x00007ffac0150000 - 0x00007ffac01ec000 	C:\windows\System32\sechost.dll
0x00007ffac1620000 - 0x00007ffac1746000 	C:\windows\System32\RPCRT4.dll
0x00007ffabc620000 - 0x00007ffabc629000 	C:\windows\SYSTEM32\WSOCK32.dll
0x00007ffac0930000 - 0x00007ffac099b000 	C:\windows\System32\WS2_32.dll
0x00007ffab9000000 - 0x00007ffab9027000 	C:\windows\SYSTEM32\WINMM.dll
0x00007ffaaf470000 - 0x00007ffaaf47a000 	C:\windows\SYSTEM32\VERSION.dll
0x00007ffabcd20000 - 0x00007ffabcd32000 	C:\windows\SYSTEM32\kernel.appcore.dll
0x00007ffabbca0000 - 0x00007ffabbcaa000 	C:\Program Files\Android\Android Studio\jbr\bin\jimage.dll
0x00007ffaad020000 - 0x00007ffaad204000 	C:\windows\SYSTEM32\DBGHELP.DLL
0x00007ffaacc50000 - 0x00007ffaacc84000 	C:\windows\SYSTEM32\dbgcore.DLL
0x00007ffabf670000 - 0x00007ffabf6f2000 	C:\windows\System32\bcryptPrimitives.dll
0x00007ffa95c10000 - 0x00007ffa95c35000 	C:\Program Files\Android\Android Studio\jbr\bin\java.dll

dbghelp: loaded successfully - version: 4.0.5 - missing functions: none
symbol engine: initialized successfully - sym options: 0x614 - pdb path: .;C:\Program Files\Android\Android Studio\jbr\bin;C:\windows\SYSTEM32;C:\windows\WinSxS\amd64_microsoft.windows.common-controls_6595b64144ccf1df_6.0.19041.1110_none_60b5254171f9507e;C:\Program Files\Android\Android Studio\jbr\bin\server

VM Arguments:
java_command: git4idea.http.GitAskPassApp Username for 'https://github.com': 
java_class_path (initial): C:/Program Files/Android/Android Studio/plugins/vcs-git/lib/git4idea-rt.jar;C:/Program Files/Android/Android Studio/lib/externalProcess-rt.jar;C:/Program Files/Android/Android Studio/lib/app.jar;C:/Program Files/Android/Android Studio/lib/3rd-party-rt.jar
Launcher Type: SUN_STANDARD

[Global flags]
     intx CICompilerCount                          = 4                                         {product} {ergonomic}
     uint ConcGCThreads                            = 2                                         {product} {ergonomic}
     uint G1ConcRefinementThreads                  = 8                                         {product} {ergonomic}
   size_t G1HeapRegionSize                         = 2097152                                   {product} {ergonomic}
    uintx GCDrainStackTargetSize                   = 64                                        {product} {ergonomic}
   size_t InitialHeapSize                          = 201326592                                 {product} {ergonomic}
   size_t MarkStackSize                            = 4194304                                   {product} {ergonomic}
   size_t MaxHeapSize                              = 3208642560                                {product} {ergonomic}
   size_t MinHeapDeltaBytes                        = 2097152                                   {product} {ergonomic}
   size_t MinHeapSize                              = 8388608                                   {product} {ergonomic}
    uintx NonNMethodCodeHeapSize                   = 5839372                                {pd product} {ergonomic}
    uintx NonProfiledCodeHeapSize                  = 122909434                              {pd product} {ergonomic}
    uintx ProfiledCodeHeapSize                     = 122909434                              {pd product} {ergonomic}
    uintx ReservedCodeCacheSize                    = 251658240                              {pd product} {ergonomic}
     bool SegmentedCodeCache                       = true                                      {product} {ergonomic}
   size_t SoftMaxHeapSize                          = 3208642560                             {manageable} {ergonomic}
     bool UseCompressedClassPointers               = true                           {product lp64_product} {ergonomic}
     bool UseCompressedOops                        = true                           {product lp64_product} {ergonomic}
     bool UseG1GC                                  = true                                      {product} {ergonomic}
     bool UseLargePagesIndividualAllocation        = false                                  {pd product} {ergonomic}

Logging:
Log output configuration:
 #0: stdout all=warning uptime,level,tags
 #1: stderr all=off uptime,level,tags

Environment Variables:
PATH=C:\Program Files\Git\mingw64\libexec\git-core;C:\Program Files\Git\mingw64\libexec\git-core;C:\Program Files\Git\mingw64\bin;C:\Program Files\Git\usr\bin;C:\Users\danil\bin;C:\windows\system32;C:\windows;C:\windows\System32\Wbem;C:\windows\System32\WindowsPowerShell\v1.0;C:\windows\System32\OpenSSH;C:\Program Files (x86)\AOMEI\AOMEI Backupper\7.0.0;C:\Program Files\Git\cmd;C:\Users\danil\AppData\Local\Microsoft\WindowsApps
USERNAME=danil
DISPLAY=:0.0
LC_ALL=en_US.UTF-8
TERM=xterm-256color
TMPDIR=C:\Users\danil\AppData\Local\Temp
OS=Windows_NT
PROCESSOR_IDENTIFIER=Intel64 Family 6 Model 42 Stepping 7, GenuineIntel
TMP=C:\Users\danil\AppData\Local\Temp
TEMP=C:\Users\danil\AppData\Local\Temp


JNI global refs:

[error occurred during error reporting (JNI global references), id 0xc0000005, EXCEPTION_ACCESS_VIOLATION (0xc0000005) at pc=0x00007ffa639b7a10]


---------------  S Y S T E M  ---------------

OS:
 Windows 10 , 64 bit Build 19041 (10.0.19041.3031)
OS uptime: 5 days 5:22 hours

CPU: total 8 (initial active 8) (4 cores per cpu, 2 threads per core) family 6 model 42 stepping 7 microcode 0x2f, cx8, cmov, fxsr, ht, mmx, sse, sse2, sse3, ssse3, sse4.1, sse4.2, popcnt, tsc, tscinvbit, avx, aes, clmul, vzeroupper, clflush

Memory: 4k page, system-wide physical 12235M (640M free)
TotalPageFile size 14660M (AvailPageFile size 26M)
current process WorkingSet (physical memory assigned to process): 10M, peak: 10M
current process commit charge ("private bytes"): 59M, peak: 251M

vm_info: OpenJDK 64-Bit Server VM (17.0.6+0-b2043.56-10027231) for windows-amd64 JRE (17.0.6+0-b2043.56-10027231), built on Apr 28 2023 00:43:19 by "androidbuild" with MS VC++ 16.10 / 16.11 (VS2019)

END.
